2025-09-25 16:20:17,147 - INFO - Setting up for model version: 3
2025-09-25 16:20:17,158 - INFO - Model v3 dataloader args: {'batch_size_train': 96, 'batch_size_test': 1000, 'shuffle_train': True, 'shuffle_test': False, 'train_transforms': Compose(
    RandomRotation(degrees=[-7.0, 7.0], interpolation=nearest, expand=False, fill=(0,))
    RandomAffine(degrees=[0.0, 0.0], translate=(0.05, 0.05))
    ToTensor()
    Normalize(mean=(0.1307,), std=(0.3081,))
), 'test_transforms': Compose(
    ToTensor()
    Normalize(mean=(0.1307,), std=(0.3081,))
)}
2025-09-25 16:20:17,304 - INFO - Model v3: OneCycleLR max_lr=0.05 epochs=15 pct_start=0.2 div_factor=10 final_div_factor=100
2025-09-25 16:20:17,305 - INFO - Dataloader arguments: {'batch_size_train': 96, 'batch_size_test': 1000, 'shuffle_train': True, 'shuffle_test': False, 'train_transforms': Compose(
    RandomRotation(degrees=[-7.0, 7.0], interpolation=nearest, expand=False, fill=(0,))
    RandomAffine(degrees=[0.0, 0.0], translate=(0.05, 0.05))
    ToTensor()
    Normalize(mean=(0.1307,), std=(0.3081,))
), 'test_transforms': Compose(
    ToTensor()
    Normalize(mean=(0.1307,), std=(0.3081,))
)}
2025-09-25 16:20:17,305 - INFO - Dataloader arguments: {'batch_size_train': 96, 'batch_size_test': 1000, 'shuffle_train': True, 'shuffle_test': False, 'train_transforms': Compose(
    RandomRotation(degrees=[-7.0, 7.0], interpolation=nearest, expand=False, fill=(0,))
    RandomAffine(degrees=[0.0, 0.0], translate=(0.05, 0.05))
    ToTensor()
    Normalize(mean=(0.1307,), std=(0.3081,))
), 'test_transforms': Compose(
    ToTensor()
    Normalize(mean=(0.1307,), std=(0.3081,))
)}
2025-09-25 16:20:17,351 - INFO - 
----------------------------------------------------------------
        Layer (type)               Output Shape         Param #
================================================================
            Conv2d-1            [-1, 4, 28, 28]              36
       BatchNorm2d-2            [-1, 4, 28, 28]               8
              ReLU-3            [-1, 4, 28, 28]               0
            Conv2d-4            [-1, 8, 28, 28]             288
       BatchNorm2d-5            [-1, 8, 28, 28]              16
              ReLU-6            [-1, 8, 28, 28]               0
         MaxPool2d-7            [-1, 8, 14, 14]               0
            Conv2d-8           [-1, 10, 14, 14]             720
       BatchNorm2d-9           [-1, 10, 14, 14]              20
             ReLU-10           [-1, 10, 14, 14]               0
        Dropout2d-11           [-1, 10, 14, 14]               0
           Conv2d-12           [-1, 12, 14, 14]           1,080
      BatchNorm2d-13           [-1, 12, 14, 14]              24
             ReLU-14           [-1, 12, 14, 14]               0
        MaxPool2d-15             [-1, 12, 7, 7]               0
           Conv2d-16              [-1, 8, 7, 7]              96
      BatchNorm2d-17              [-1, 8, 7, 7]              16
             ReLU-18              [-1, 8, 7, 7]               0
           Conv2d-19             [-1, 12, 7, 7]             864
      BatchNorm2d-20             [-1, 12, 7, 7]              24
             ReLU-21             [-1, 12, 7, 7]               0
           Conv2d-22             [-1, 10, 7, 7]             120
      BatchNorm2d-23             [-1, 10, 7, 7]              20
             ReLU-24             [-1, 10, 7, 7]               0
           Conv2d-25             [-1, 10, 5, 5]             900
        AvgPool2d-26             [-1, 10, 1, 1]               0
          Flatten-27                   [-1, 10]               0
================================================================
Total params: 4,232
Trainable params: 4,232
Non-trainable params: 0
----------------------------------------------------------------
Input size (MB): 0.00
Forward/backward pass size (MB): 0.38
Params size (MB): 0.02
Estimated Total Size (MB): 0.40
----------------------------------------------------------------
2025-09-25 16:20:17,352 - INFO - Training model for 15 epochs
2025-09-25 16:21:23,280 - INFO - Epoch 01/15: Train set final results: Average loss: 434.5888, Accuracy: 46670/60000 (77.78%)
2025-09-25 16:21:34,917 - INFO - Epoch 01/15:Test set final results: Average loss: 0.1392, Accuracy: 9623/10000 (96.23%)
2025-09-25 16:22:37,378 - INFO - Epoch 02/15: Train set final results: Average loss: 109.6806, Accuracy: 56947/60000 (94.91%)
2025-09-25 16:22:49,183 - INFO - Epoch 02/15:Test set final results: Average loss: 0.0865, Accuracy: 9727/10000 (97.27%)
2025-09-25 16:23:51,758 - INFO - Epoch 03/15: Train set final results: Average loss: 81.8388, Accuracy: 57646/60000 (96.08%)
2025-09-25 16:24:03,474 - INFO - Epoch 03/15:Test set final results: Average loss: 0.0654, Accuracy: 9795/10000 (97.95%)
2025-09-25 16:25:05,674 - INFO - Epoch 04/15: Train set final results: Average loss: 70.2680, Accuracy: 57978/60000 (96.63%)
2025-09-25 16:25:17,593 - INFO - Epoch 04/15:Test set final results: Average loss: 0.0568, Accuracy: 9822/10000 (98.22%)
2025-09-25 16:26:22,598 - INFO - Epoch 05/15: Train set final results: Average loss: 63.4655, Accuracy: 58175/60000 (96.96%)
2025-09-25 16:26:34,156 - INFO - Epoch 05/15:Test set final results: Average loss: 0.0544, Accuracy: 9834/10000 (98.34%)
2025-09-25 16:27:35,459 - INFO - Epoch 06/15: Train set final results: Average loss: 59.4641, Accuracy: 58267/60000 (97.11%)
2025-09-25 16:27:46,965 - INFO - Epoch 06/15:Test set final results: Average loss: 0.0521, Accuracy: 9837/10000 (98.37%)
2025-09-25 16:28:48,151 - INFO - Epoch 07/15: Train set final results: Average loss: 52.9458, Accuracy: 58403/60000 (97.34%)
2025-09-25 16:29:00,694 - INFO - Epoch 07/15:Test set final results: Average loss: 0.0422, Accuracy: 9872/10000 (98.72%)
2025-09-25 16:30:09,059 - INFO - Epoch 08/15: Train set final results: Average loss: 49.6578, Accuracy: 58535/60000 (97.56%)
2025-09-25 16:30:21,211 - INFO - Epoch 08/15:Test set final results: Average loss: 0.0444, Accuracy: 9854/10000 (98.54%)
2025-09-25 16:31:25,386 - INFO - Epoch 09/15: Train set final results: Average loss: 48.2953, Accuracy: 58584/60000 (97.64%)
2025-09-25 16:31:38,301 - INFO - Epoch 09/15:Test set final results: Average loss: 0.0345, Accuracy: 9888/10000 (98.88%)
2025-09-25 16:32:39,303 - INFO - Epoch 10/15: Train set final results: Average loss: 45.6347, Accuracy: 58610/60000 (97.68%)
2025-09-25 16:32:52,614 - INFO - Epoch 10/15:Test set final results: Average loss: 0.0443, Accuracy: 9858/10000 (98.58%)
